Renaming 127033x20220106x3Tx session to: 127033x20220106x3TxABC
Renaming 127032x20220106x3Tx session to: 127032x20220106x3TxABC
Renaming 127640x20220113x3Tx session to: 127640x20220113x3TxABC
Renaming 119202x20220118x3Tx session to: 119202x20220118x3TxABC
Renaming 124877x20220127x3Tx session to: 124877x20220127x3TxABC
Renaming 126248x20220201x3Tx session to: 126248x20220201x3TxABC
Renaming 125067x20220203x3Tx session to: 125067x20220203x3TxABC
Renaming 103907x20220208x3Tx session to: 103907x20220208x3TxABC
Renaming 127211x20220215x3Tx session to: 127211x20220215x3TxABC
Renaming 124953x20220215x3Tx session to: 124953x20220215x3TxABC
Renaming 124890x20220217x3Tx session to: 124890x20220217x3TxABC
Renaming 118390x20220217x3Tx session to: 118390x20220217x3TxABC
Renaming 118390x20220217x3Tx session to: 118390x20220217x3TxABC
Renaming 128147x20220222x3Tx session to: 128147x20220222x3TxABCD2
Renaming 114787x20220222x3Tx session to: 114787x20220222x3TxABC
Renaming 124305x20220224x3Tx session to: 124305x20220224x3TxABC
Renaming 127108x20220301x3Tx session to: 127108x20220301x3TxABC
Original study ABCD2 matches newly assigned study ABCD2
Renaming 128267x20220301x3Tx session to: 128267x20220301x3TxABCD2
Renaming 125689x20220303x3Tx session to: 125689x20220303x3TxABC
Renaming 124961x20220308x3Tx session to: 124961x20220308x3TxABC
Renaming 109459x20220308x3Tx session to: 109459x20220308x3TxABC
Renaming 128035x20220308x3Tx session to: 128035x20220308x3TxABC
Renaming 128296x20220310x3Tx session to: 128296x20220310x3TxABC
Renaming 122039x20220310x3Tx session to: 122039x20220310x3TxABC
Renaming 128320x20220310x3Tx session to: 128320x20220310x3TxABC
Renaming 127251x20220315x3Tx session to: 127251x20220315x3TxABC
Renaming 127667x20220317x3Tx session to: 127667x20220317x3TxABC
Renaming 128362x20220317x3Tx session to: 128362x20220317x3TxABC
Renaming 124594x20220322x3Tx session to: 124594x20220322x3TxABC
Renaming 117326x20220324x3Tx session to: 117326x20220324x3TxABC
Renaming 122146x20220329x3Tx session to: 122146x20220329x3TxABC
Renaming 100113x20220329x3Tx session to: 100113x20220329x3TxABC
Renaming 123724x20220331x3Tx session to: 123724x20220331x3TxABC
Renaming 125928x20220331x3Tx session to: 125928x20220331x3TxABC
Renaming 127127x20220405x3Tx session to: 127127x20220405x3TxABC
Renaming 118923x20220407x3Tx session to: 118923x20220407x3TxABC
Renaming 120123x20220412x3Tx session to: 120123x20220412x3TxABC
Renaming 125043x20220414x3Tx session to: 125043x20220414x3TxABC
Original study ABCD2 matches newly assigned study ABCD2
Renaming 128394x20220414x3Tx session to: 128394x20220414x3TxABCD2
Renaming 127995x20220414x3Tx session to: 127995x20220414x3TxABC
Renaming 123865x20220421x3Tx session to: 123865x20220421x3TxABC
Renaming 127416x20220421x3Tx session to: 127416x20220421x3TxABC
Original study ABCD2 matches newly assigned study ABCD2
Renaming 128281x20220426x3Tx session to: 128281x20220426x3TxABCD2
Renaming 125908x20220426x3Tx session to: 125908x20220426x3TxABC
Renaming 124048x20220426x3Tx session to: 124048x20220426x3TxABC
Renaming 119448x20220428x3Tx session to: 119448x20220428x3TxABC
Original study ABCD2 matches newly assigned study ABCD2
Renaming 128279x20220428x3Tx session to: 128279x20220428x3TxABCD2
Renaming 125041x20220503x3Tx session to: 125041x20220503x3TxABC
Renaming 114000x20220503x3Tx session to: 114000x20220503x3TxABC
Original study ABCD2 matches newly assigned study ABCD2
Renaming 128284x20220503x3Tx session to: 128284x20220503x3TxABCD2
Original study ABCD2 matches newly assigned study ABCD2
Renaming 128332x20220505x3Tx session to: 128332x20220505x3TxABCD2
Original study ABCD2 matches newly assigned study ABCD2
Renaming 126535x20220510x3Tx session to: 126535x20220510x3TxABCD2
Renaming 120735x20220510x3Tx session to: 120735x20220510x3TxABC
Original study ABCD2 matches newly assigned study ABCD2
Renaming 128280x20220512x3Tx session to: 128280x20220512x3TxABCD2
Renaming 125792x20220512x3Tx session to: 125792x20220512x3TxABC
Renaming 127493x20220512x3Tx session to: 127493x20220512x3TxABC
Renaming 117796x20220517x3Tx session to: 117796x20220517x3TxABC
Renaming 128705x20220519x3Tx session to: 128705x20220519x3TxABC
Renaming 117639x20220519x3Tx session to: 117639x20220519x3TxABC
Original study ABCD2 matches newly assigned study ABCD2
Renaming 128387x20220524x3Tx session to: 128387x20220524x3TxABCD2
Original study ABCD2 matches newly assigned study ABCD2
Renaming 128386x20220602x3Tx session to: 128386x20220602x3TxABCD2
Original study ABCD2 matches newly assigned study ABCD2
Renaming 128391x20220614x3Tx session to: 128391x20220614x3TxABCD2
Renaming 122828x20220614x3Tx session to: 122828x20220614x3TxABC
Original study ABCD2 matches newly assigned study ABCD2
Renaming 128301x20220616x3Tx session to: 128301x20220616x3TxABCD2
Renaming 112574x20220621x3Tx session to: 112574x20220621x3TxABC
Renaming 118601x20220621x3Tx session to: 118601x20220621x3TxABC
Renaming 125590x20220621x3Tx session to: 125590x20220621x3TxABC
Renaming 128827x20220628x3Tx session to: error
Original study ABCD2 matches newly assigned study ABCD2
Renaming 128563x20220628x3Tx session to: 128563x20220628x3TxABCD2
Renaming 125527x20220628x3Tx session to: 128563x20220628x3TxABCD2
Renaming 123928x20220707x3Tx session to: 123928x20220707x3TxABC
Renaming 121444x20220712x3Tx session to: 121444x20220712x3TxABC
Original study ABCD2 matches newly assigned study ABCD2
Renaming 128771x20220728x3Tx session to: 128771x20220728x3TxABCD2
Original study ABCD2 matches newly assigned study ABCD2
Renaming 128922x20220728x3Tx session to: 128922x20220728x3TxABCD2
Original study ABCD2 matches newly assigned study ABCD2
Renaming 128314x20220728x3Tx session to: 128314x20220728x3TxABCD2
Renaming 124288x20220811x3Tx session to: 124288x20220811x3TxABC
Renaming 128013x20220816x3Tx session to: 128013x20220816x3TxABC
Renaming 128986x20220818x3Tx session to: 128986x20220818x3TxABC
Renaming 129131x20220818x3Tx session to: 129131x20220818x3TxABC
Renaming 125569x20220823x3Tx session to: 125569x20220823x3TxABC
Renaming 124738x20220906x3Tx session to: 124738x20220906x3TxABC
Original study ABC matches newly assigned study ABC
Renaming 125735x20220920x3Tx session to: 125735x20220920x3TxABC
Original study ABC matches newly assigned study ABC
Renaming 117870x20220920x3Tx session to: 117870x20220920x3TxABC
Original study ABC matches newly assigned study ABC
Renaming 123782x20220929x3Tx session to: 123782x20220929x3TxABC
Original study ABC matches newly assigned study ABC
Renaming 127133x20220929x3Tx session to: 127133x20220929x3TxABC
Original study ABC matches newly assigned study ABC
Renaming 121700x20221006x3Tx session to: 121700x20221006x3TxABC
Original study ABCD2 matches newly assigned study ABCD2
Renaming 128735x20221011x3Tx session to: 128735x20221011x3TxABCD2
Original study ABC matches newly assigned study ABC
Renaming 128953x20221013x3Tx session to: 128953x20221013x3TxABC
Original study ABC matches newly assigned study ABC
Renaming 128983x20221020x3Tx session to: 128983x20221020x3TxABC
Original study ABC matches newly assigned study ABC
Renaming 123763x20221025x3Tx session to: 123763x20221025x3TxABC
